<?xml version="1.0" encoding="UTF-8"?>
<!-- Generated by org.testng.reporters.JUnitReportReporter -->
<testsuite skipped="0" hostname="DESKTOP-JSNFMS1" name="abc7.Abc7" tests="1" failures="0" timestamp="2022-02-22T21:02:29 CST" time="8.534" errors="0">
  <testcase name="addContact" time="8.534" classname="abc7.Abc7"/>
  <system-out/>
</testsuite> <!-- abc7.Abc7 -->
