<?xml version="1.0" encoding="UTF-8"?>
<!-- Generated by org.testng.reporters.JUnitReportReporter -->
<testsuite skipped="0" hostname="DESKTOP-JSNFMS1" name="variousConcepts.Abc7" tests="2" failures="0" timestamp="2022-02-23T21:21:51 CST" time="14.331" errors="0">
  <testcase name="loginTest" time="6.056" classname="variousConcepts.Abc7"/>
  <system-out/>
  <testcase name="addContact" time="8.275" classname="variousConcepts.Abc7"/>
  <system-out/>
</testsuite> <!-- variousConcepts.Abc7 -->
